This is pdfTeX, Version 3.141592653-2.6-1.40.24 (TeX Live 2022) (preloaded format=pdflatex 2022.11.9)  9 NOV 2022 18:39
entering extended mode
 restricted \write18 enabled.
 %&-line parsing enabled.
**titlepage_input.tex
(./titlepage_input.tex
LaTeX2e <2022-11-01>
L3 programming layer <2022-11-02>)
! Emergency stop.
<*> titlepage_input.tex
                       
*** (job aborted, no legal \end found)

 
Here is how much of TeX's memory you used:
 25 strings out of 474971
 465 string characters out of 5780121
 342064 words of memory out of 5000000
 21628 multiletter control sequences out of 15000+600000
 469259 words of font info for 28 fonts, out of 8000000 for 9000
 1141 hyphenation exceptions out of 8191
 13i,0n,12p,119b,10s stack positions out of 10000i,1000n,20000p,200000b,200000s
!  ==> Fatal error occurred, no output PDF file produced!
