\BOOKMARK [1][-]{section.1}{\376\377\000I\000n\000t\000r\000o\000d\000u\000z\000i\000o\000n\000e}{}% 1
\BOOKMARK [2][-]{subsection.1.1}{\376\377\000S\000c\000o\000p\000o\000\040\000d\000e\000l\000\040\000d\000o\000c\000u\000m\000e\000n\000t\000o}{section.1}% 2
\BOOKMARK [2][-]{subsection.1.2}{\376\377\000S\000c\000o\000p\000o\000\040\000d\000e\000l\000\040\000p\000r\000o\000d\000o\000t\000t\000o}{section.1}% 3
\BOOKMARK [1][-]{section.2}{\376\377\000D\000o\000c\000u\000m\000e\000n\000t\000a\000z\000i\000o\000n\000e}{}% 4
\BOOKMARK [2][-]{subsection.2.1}{\376\377\000C\000o\000n\000v\000e\000n\000z\000i\000o\000n\000i\000\040\000g\000e\000n\000e\000r\000a\000l\000i}{section.2}% 5
\BOOKMARK [3][-]{subsubsection.2.1.1}{\376\377\000V\000e\000r\000s\000i\000o\000n\000a\000m\000e\000n\000t\000o}{subsection.2.1}% 6
\BOOKMARK [3][-]{subsubsection.2.1.2}{\376\377\000S\000t\000r\000u\000t\000t\000u\000r\000a\000\040\000G\000e\000n\000e\000r\000a\000l\000e}{subsection.2.1}% 7
\BOOKMARK [3][-]{subsubsection.2.1.3}{\376\377\000V\000e\000r\000b\000a\000l\000i}{subsection.2.1}% 8
\BOOKMARK [3][-]{subsubsection.2.1.4}{\376\377\000D\000a\000t\000e}{subsection.2.1}% 9
\BOOKMARK [3][-]{subsubsection.2.1.5}{\376\377\000N\000o\000m\000i\000\040\000d\000i\000\040\000p\000e\000r\000s\000o\000n\000a}{subsection.2.1}% 10
\BOOKMARK [2][-]{subsection.2.2}{\376\377\000V\000e\000r\000i\000f\000i\000c\000a}{section.2}% 11
\BOOKMARK [2][-]{subsection.2.3}{\376\377\000A\000p\000p\000r\000o\000v\000a\000z\000i\000o\000n\000e}{section.2}% 12
\BOOKMARK [2][-]{subsection.2.4}{\376\377\000S\000t\000r\000u\000m\000e\000n\000t\000i\000\040\000p\000e\000r\000\040\000l\000a\000\040\000s\000t\000e\000s\000u\000r\000a}{section.2}% 13
\BOOKMARK [1][-]{section.3}{\376\377\000S\000t\000r\000u\000m\000e\000n\000t\000i\000\040\000c\000o\000l\000l\000a\000b\000o\000r\000a\000t\000i\000v\000i}{}% 14
\BOOKMARK [2][-]{subsection.3.1}{\376\377\000G\000i\000t\000H\000u\000b\000g}{section.3}% 15
\BOOKMARK [3][-]{subsubsection.3.1.1}{\376\377\000R\000e\000p\000o\000s\000i\000t\000o\000r\000y\000g}{subsection.3.1}% 16
\BOOKMARK [3][-]{subsubsection.3.1.2}{\376\377\000B\000r\000a\000n\000c\000h\000i\000n\000g}{subsection.3.1}% 17
\BOOKMARK [3][-]{subsubsection.3.1.3}{\376\377\000C\000o\000m\000m\000i\000t\000s}{subsection.3.1}% 18
\BOOKMARK [3][-]{subsubsection.3.1.4}{\376\377\000P\000u\000l\000l\000\040\000R\000e\000q\000u\000e\000s\000t\000s}{subsection.3.1}% 19
\BOOKMARK [3][-]{subsubsection.3.1.5}{\376\377\000M\000i\000l\000e\000s\000t\000o\000n\000e\000g}{subsection.3.1}% 20
\BOOKMARK [3][-]{subsubsection.3.1.6}{\376\377\000P\000r\000o\000j\000e\000c\000t\000s\000\040\000B\000o\000a\000r\000d\000g}{subsection.3.1}% 21
\BOOKMARK [3][-]{subsubsection.3.1.7}{\376\377\000I\000s\000s\000u\000e\000\040\000T\000r\000a\000c\000k\000i\000n\000g\000\040\000S\000y\000s\000t\000e\000m\000g}{subsection.3.1}% 22
\BOOKMARK [2][-]{subsection.3.2}{\376\377\000G\000l\000o\000s\000s\000a\000r\000i\000o}{section.3}% 23
\BOOKMARK [1][-]{section.4}{\376\377\000O\000r\000g\000a\000n\000i\000z\000z\000a\000z\000i\000o\000n\000e\000\040\000d\000e\000l\000\040\000g\000r\000u\000p\000p\000o}{}% 24
\BOOKMARK [2][-]{subsection.4.1}{\376\377\000R\000u\000o\000l\000i}{section.4}% 25
\BOOKMARK [3][-]{subsubsection.4.1.1}{\376\377\000R\000e\000s\000p\000o\000n\000s\000a\000b\000i\000l\000e}{subsection.4.1}% 26
\BOOKMARK [3][-]{subsubsection.4.1.2}{\376\377\000A\000n\000a\000l\000i\000s\000t\000a}{subsection.4.1}% 27
\BOOKMARK [3][-]{subsubsection.4.1.3}{\376\377\000A\000m\000m\000i\000n\000i\000s\000t\000r\000a\000t\000o\000r\000e}{subsection.4.1}% 28
\BOOKMARK [3][-]{subsubsection.4.1.4}{\376\377\000P\000r\000o\000g\000e\000t\000t\000i\000s\000t\000a}{subsection.4.1}% 29
\BOOKMARK [3][-]{subsubsection.4.1.5}{\376\377\000P\000r\000o\000g\000r\000a\000m\000m\000a\000t\000o\000r\000e}{subsection.4.1}% 30
\BOOKMARK [3][-]{subsubsection.4.1.6}{\376\377\000V\000e\000r\000i\000f\000i\000c\000a\000t\000o\000r\000e}{subsection.4.1}% 31
